2021-05-19 10:46:54,689 INFO org.springframework.boot.StartupInfoLogger [main] Starting SareetaApplication on Jasons-Mac-mini.local with PID 79277 (/Users/jasontomlins/git/Udacity/ecommerce/target/classes started by jasontomlins in /Users/jasontomlins/git/Udacity/ecommerce)
2021-05-19 10:46:54,692 DEBUG org.springframework.boot.StartupInfoLogger [main] Running with Spring Boot v2.3.2.RELEASE, Spring v5.2.8.RELEASE
2021-05-19 10:46:54,693 INFO org.springframework.boot.SpringApplication [main] No active profile set, falling back to default profiles: default
2021-05-19 10:46:55,728 INFO org.springframework.data.repository.config.RepositoryConfigurationDelegate [main] Bootstrapping Spring Data JPA repositories in DEFAULT mode.
2021-05-19 10:46:55,818 INFO org.springframework.data.repository.config.RepositoryConfigurationDelegate [main] Finished Spring Data repository scanning in 81ms. Found 4 JPA repository interfaces.
2021-05-19 10:46:57,114 INFO org.springframework.boot.web.embedded.tomcat.TomcatWebServer [main] Tomcat initialized with port(s): 8080 (http)
2021-05-19 10:46:57,134 INFO org.apache.juli.logging.DirectJDKLog [main] Initializing ProtocolHandler ["http-nio-8080"]
2021-05-19 10:46:57,135 INFO org.apache.juli.logging.DirectJDKLog [main] Starting service [Tomcat]
2021-05-19 10:46:57,135 INFO org.apache.juli.logging.DirectJDKLog [main] Starting Servlet engine: [Apache Tomcat/9.0.37]
2021-05-19 10:46:57,272 INFO org.apache.juli.logging.DirectJDKLog [main] Initializing Spring embedded WebApplicationContext
2021-05-19 10:46:57,273 INFO org.springframework.boot.web.servlet.context.ServletWebServerApplicationContext [main] Root WebApplicationContext: initialization completed in 2470 ms
2021-05-19 10:46:57,404 INFO com.zaxxer.hikari.HikariDataSource [main] HikariPool-1 - Starting...
2021-05-19 10:46:57,558 INFO com.zaxxer.hikari.HikariDataSource [main] HikariPool-1 - Start completed.
2021-05-19 10:46:57,569 INFO org.springframework.boot.autoconfigure.h2.H2ConsoleAutoConfiguration [main] H2 console available at '/h2-console'. Database available at 'jdbc:h2:mem:bootapp'
2021-05-19 10:46:57,871 INFO org.hibernate.jpa.internal.util.LogHelper [main] HHH000204: Processing PersistenceUnitInfo [name: default]
2021-05-19 10:46:57,908 INFO org.hibernate.Version [main] HHH000412: Hibernate ORM core version 5.4.18.Final
2021-05-19 10:46:58,021 INFO org.hibernate.annotations.common.reflection.java.JavaReflectionManager [main] HCANN000001: Hibernate Commons Annotations {5.1.0.Final}
2021-05-19 10:46:58,109 INFO org.hibernate.dialect.Dialect [main] HHH000400: Using dialect: org.hibernate.dialect.H2Dialect
2021-05-19 10:46:58,853 INFO org.hibernate.engine.transaction.jta.platform.internal.JtaPlatformInitiator [main] HHH000490: Using JtaPlatform implementation: [org.hibernate.engine.transaction.jta.platform.internal.NoJtaPlatform]
2021-05-19 10:46:58,859 INFO org.springframework.orm.jpa.AbstractEntityManagerFactoryBean [main] Initialized JPA EntityManagerFactory for persistence unit 'default'
2021-05-19 10:46:59,445 WARN org.springframework.boot.autoconfigure.orm.jpa.JpaBaseConfiguration$JpaWebConfiguration [main] spring.jpa.open-in-view is enabled by default. Therefore, database queries may be performed during view rendering. Explicitly configure spring.jpa.open-in-view to disable this warning
2021-05-19 10:46:59,542 DEBUG org.springframework.web.filter.GenericFilterBean [main] Filter 'JWTAuthenticationVerficationFilter' configured for use
2021-05-19 10:47:00,034 INFO org.springframework.security.web.DefaultSecurityFilterChain [main] Creating filter chain: any request, [org.springframework.security.web.context.request.async.WebAsyncManagerIntegrationFilter@7352418c, org.springframework.security.web.context.SecurityContextPersistenceFilter@49c4118b, org.springframework.security.web.header.HeaderWriterFilter@750c23a3, org.springframework.web.filter.CorsFilter@60ba6631, org.springframework.security.web.authentication.logout.LogoutFilter@90394d, net.tomlins.udacity.p4.ecommerce.security.JWTAuthenticationFilter@4d2950ed, net.tomlins.udacity.p4.ecommerce.security.JWTAuthenticationVerficationFilter@3095d06b, org.springframework.security.web.savedrequest.RequestCacheAwareFilter@182dcd2b, org.springframework.security.web.servletapi.SecurityContextHolderAwareRequestFilter@13018f00, org.springframework.security.web.authentication.AnonymousAuthenticationFilter@51aaa9d4, org.springframework.security.web.session.SessionManagementFilter@182fd26b, org.springframework.security.web.access.ExceptionTranslationFilter@2c92f094, org.springframework.security.web.access.intercept.FilterSecurityInterceptor@4860627a]
2021-05-19 10:47:00,095 INFO org.springframework.scheduling.concurrent.ExecutorConfigurationSupport [main] Initializing ExecutorService 'applicationTaskExecutor'
2021-05-19 10:47:00,218 INFO org.apache.juli.logging.DirectJDKLog [main] Starting ProtocolHandler ["http-nio-8080"]
2021-05-19 10:47:00,245 INFO org.springframework.boot.web.embedded.tomcat.TomcatWebServer [main] Tomcat started on port(s): 8080 (http) with context path ''
2021-05-19 10:47:00,262 INFO org.springframework.boot.StartupInfoLogger [main] Started SareetaApplication in 6.535 seconds (JVM running for 7.188)
2021-05-19 10:47:13,100 INFO org.apache.juli.logging.DirectJDKLog [http-nio-8080-exec-2] Initializing Spring DispatcherServlet 'dispatcherServlet'
2021-05-19 10:47:13,103 INFO org.springframework.web.servlet.FrameworkServlet [http-nio-8080-exec-2] Initializing Servlet 'dispatcherServlet'
2021-05-19 10:47:13,159 INFO org.springframework.web.servlet.FrameworkServlet [http-nio-8080-exec-2] Completed initialization in 56 ms
2021-05-19 10:47:13,283 INFO net.tomlins.udacity.p4.ecommerce.controllers.UserController [http-nio-8080-exec-2] createUser requested...
2021-05-19 10:47:13,588 INFO net.tomlins.udacity.p4.ecommerce.controllers.UserController [http-nio-8080-exec-2] createUser : User davidbowie successfully created
2021-05-19 10:47:19,463 INFO net.tomlins.udacity.p4.ecommerce.controllers.UserController [http-nio-8080-exec-3] createUser requested...
2021-05-19 10:47:19,513 INFO net.tomlins.udacity.p4.ecommerce.controllers.UserController [http-nio-8080-exec-3] createUser : Chosen username ziggystardust already exists!
